<?xml version="1.0" encoding="UTF-8" ?>
<testsuite errors="1" failures="0" hostname="Johns-MacBook-Pro.local" name="controller.OdometerTest" skipped="0" tests="1" time="0.0" timestamp="2017-02-26T00:03:01">
  <properties>
[...]
</properties>
  <error message="controller.OdometerTest" type="java.lang.ClassNotFoundException">java.lang.ClassNotFoundException: controller.OdometerTest
	at java.lang.ClassLoader.loadClass(ClassLoader.java:357)
	at java.lang.Class.forName0(Native Method)
	at java.lang.Class.forName(Class.java:344)
</error>
  <system-out><![CDATA[]]></system-out>
  <system-err><![CDATA[]]></system-err>
</testsuite>
